[2017-12-12 15:50:59] START
[2017-12-12 16:08:54] EDIT rff_w2p/controllers/default.py: 0
[2017-12-12 16:09:01] EDIT rff_w2p/controllers/default.py: 0
[2017-12-12 16:09:04] EDIT rff_w2p/controllers/default.py: 0
[2017-12-12 17:03:15] EDIT rff_w2p/controllers/default.py: 4
[2017-12-12 17:03:40] CREATE default/friends.html: 0
[2017-12-12 17:05:00] EDIT rff_w2p/controllers/default.py: 0
[2017-12-12 17:11:59] EDIT rff_w2p/views/default/index.html: -36
[2017-12-12 17:12:49] EDIT rff_w2p/views/default/index.html: 0
[2017-12-12 17:13:51] EDIT rff_w2p/controllers/default.py: 0
[2017-12-12 17:14:49] EDIT rff_w2p/views/default/index.html: 0
[2017-12-12 17:27:09] EDIT rff_w2p/controllers/default.py: 1
[2017-12-12 17:33:23] EDIT rff_w2p/controllers/default.py: 0
[2017-12-12 17:35:09] EDIT rff_w2p/controllers/default.py: 1
[2017-12-12 17:35:22] EDIT rff_w2p/views/default/friends.html: 3
[2017-12-12 17:36:17] EDIT rff_w2p/controllers/default.py: 0
[2017-12-12 17:37:08] EDIT rff_w2p/controllers/default.py: 2
[2017-12-12 17:37:13] EDIT rff_w2p/controllers/default.py: 0
[2017-12-12 17:37:53] EDIT rff_w2p/controllers/default.py: 0
[2017-12-12 17:37:55] EDIT rff_w2p/controllers/default.py: 0
[2017-12-12 17:40:06] EDIT rff_w2p/controllers/default.py: 1
[2017-12-12 17:41:45] EDIT rff_w2p/controllers/default.py: 1
[2017-12-12 17:42:10] EDIT rff_w2p/controllers/default.py: 0
[2017-12-12 17:42:44] EDIT rff_w2p/controllers/default.py: 1
[2017-12-12 17:43:19] EDIT rff_w2p/views/default/friends.html: 4
[2017-12-12 17:43:49] EDIT rff_w2p/views/default/friends.html: -7
[2017-12-12 17:59:14] EDIT rff_w2p/controllers/default.py: 2
[2017-12-12 17:59:36] EDIT rff_w2p/controllers/default.py: 0
[2017-12-12 18:01:27] EDIT rff_w2p/controllers/default.py: 0
[2017-12-12 18:02:50] UPLOAD C:/Users/phannt/workspace/Personal/wtpdemo/web2py/applications/rff_w2p/modules/rff.pyc.py: 25
[2017-12-12 18:02:57] DELETE rff_w2p/modules/rff.pyc.py: -11
[2017-12-12 18:04:01] EDIT rff_w2p/controllers/default.py: 0
[2017-12-12 18:04:17] EDIT rff_w2p/modules/rff.py: 0
[2017-12-12 18:04:25] EDIT rff_w2p/modules/rff.py: 0
[2017-12-12 18:04:36] EDIT rff_w2p/modules/rff.py: 0
[2017-12-12 18:04:40] EDIT rff_w2p/modules/rff.py: 0
[2017-12-12 18:07:22] EDIT rff_w2p/modules/rff.py: -1
[2017-12-12 18:08:15] EDIT rff_w2p/modules/rff.py: 1
[2017-12-12 18:08:32] EDIT rff_w2p/modules/rff.py: 0
[2017-12-12 18:08:57] EDIT rff_w2p/modules/rff.py: -1
[2017-12-12 18:09:17] EDIT rff_w2p/modules/rff.py: 0
[2017-12-12 18:11:17] EDIT rff_w2p/modules/rff.py: 0
[2017-12-12 18:15:52] EDIT rff_w2p/controllers/default.py: 0
[2017-12-12 18:18:53] EDIT rff_w2p/controllers/default.py: 2
[2017-12-12 18:21:11] EDIT rff_w2p/modules/rff.py: 7
[2017-12-12 18:23:17] EDIT rff_w2p/modules/rff.py: -1
[2017-12-12 18:24:17] EDIT rff_w2p/modules/rff.py: 0
[2017-12-12 18:24:38] EDIT rff_w2p/modules/rff.py: 0
[2017-12-12 18:24:49] EDIT rff_w2p/modules/rff.py: 0
[2017-12-12 18:24:52] EDIT rff_w2p/modules/rff.py: 0
[2017-12-12 18:24:55] EDIT rff_w2p/modules/rff.py: 0
[2017-12-12 18:25:29] EDIT rff_w2p/modules/rff.py: 0
[2017-12-12 18:26:16] EDIT rff_w2p/modules/rff.py: 0
[2017-12-12 18:26:23] EDIT rff_w2p/modules/rff.py: 0
[2017-12-12 18:26:38] EDIT rff_w2p/modules/rff.py: 0
[2017-12-12 18:26:42] EDIT rff_w2p/modules/rff.py: 0
[2017-12-12 18:27:49] EDIT rff_w2p/modules/rff.py: 5
[2017-12-12 18:28:07] EDIT rff_w2p/controllers/default.py: 0
[2017-12-12 18:30:07] EDIT rff_w2p/controllers/default.py: 1
[2017-12-12 18:30:51] EDIT rff_w2p/modules/rff.py: 0
[2017-12-12 18:31:04] EDIT rff_w2p/controllers/default.py: 0
[2017-12-12 18:31:40] EDIT rff_w2p/controllers/default.py: 1
[2017-12-12 18:31:47] EDIT rff_w2p/controllers/default.py: 0
[2017-12-12 18:32:22] EDIT rff_w2p/modules/rff.py: -1
[2017-12-12 18:33:39] EDIT rff_w2p/controllers/default.py: 0
[2017-12-12 18:34:22] EDIT rff_w2p/controllers/default.py: 0
[2017-12-12 18:34:51] EDIT rff_w2p/controllers/default.py: 0
[2017-12-12 18:36:58] EDIT rff_w2p/modules/rff.py: 0
[2017-12-12 18:37:02] EDIT rff_w2p/modules/rff.py: 0
[2017-12-12 18:37:10] EDIT rff_w2p/modules/rff.py: 0
[2017-12-12 18:37:14] EDIT rff_w2p/controllers/default.py: 0
[2017-12-12 18:37:39] EDIT rff_w2p/modules/rff.py: -1
[2017-12-12 18:38:11] EDIT rff_w2p/controllers/default.py: 0
[2017-12-12 18:39:10] EDIT rff_w2p/controllers/default.py: -1
[2017-12-12 18:39:31] EDIT rff_w2p/controllers/default.py: 0
[2017-12-12 18:41:26] EDIT rff_w2p/controllers/default.py: 1
[2017-12-12 18:41:55] EDIT rff_w2p/controllers/default.py: -1
[2017-12-12 18:44:27] EDIT rff_w2p/modules/rff.py: 0
[2017-12-12 18:44:47] EDIT rff_w2p/controllers/default.py: 1
[2017-12-12 18:45:04] EDIT rff_w2p/controllers/default.py: 0
[2017-12-12 18:45:18] EDIT rff_w2p/controllers/default.py: 0
[2017-12-12 18:47:43] EDIT rff_w2p/modules/rff.py: 0
[2017-12-12 18:47:56] EDIT rff_w2p/modules/rff.py: 0
[2017-12-12 18:48:46] EDIT rff_w2p/modules/rff.py: 0
[2017-12-12 18:48:58] EDIT rff_w2p/modules/rff.py: 0
[2017-12-12 18:49:52] EDIT rff_w2p/controllers/default.py: 0
